Feb 20, 2025 6:39:57 PM com.gunesakkaya._3_week.Week3_01_Examples_1 measureIterativeFactorial
INFO: İteratif faktöriyel hesaplandı: 50! = 50
Feb 20, 2025 6:40:33 PM com.gunesakkaya._3_week.Week3_01_Examples_1 measureIterativeFactorial
INFO: İteratif faktöriyel hesaplandı: 10! = 10
Feb 20, 2025 6:40:40 PM com.gunesakkaya._3_week.Week3_01_Examples_1 measureIterativeFactorial
INFO: İteratif faktöriyel hesaplandı: 5! = 5
Feb 20, 2025 6:40:54 PM com.gunesakkaya._3_week.Week3_01_Examples_1 measureIterativeFactorial
INFO: İteratif faktöriyel hesaplandı: 5! = 5
Feb 20, 2025 6:41:01 PM com.gunesakkaya._3_week.Week3_01_Examples_1 measureRecursiveFactorial
INFO: Recursive faktöriyel hesaplandı: 5! = 120
Feb 20, 2025 6:42:45 PM com.gunesakkaya._3_week.Week3_01_Examples_1 measureIterativeFactorial
INFO: İteratif faktöriyel hesaplandı: 5! = 120
Feb 20, 2025 6:43:05 PM com.gunesakkaya._3_week.Week3_01_Examples_1 measureIterativeFactorial
INFO: İteratif faktöriyel hesaplandı: 10! = 3628800
Feb 20, 2025 6:43:14 PM com.gunesakkaya._3_week.Week3_01_Examples_1 measureRecursiveFactorial
INFO: Recursive faktöriyel hesaplandı: 10! = 3628800
Şub 25, 2025 6:47:30 ÖS com.gunesakkaya._3_week.Week3_01_Examples_1 measureIterativeFactorial
INFO: İteratif faktöriyel hesaplandı: 2! = 2
Şub 25, 2025 6:47:32 ÖS com.gunesakkaya._3_week.Week3_01_Examples_1 runFactorialProgram
INFO: Program sonlandırıldı.
